<?xml version="1.0" encoding="utf-8"?><testsuites name="pytest tests"><testsuite name="pytest" errors="0" failures="0" skipped="0" tests="5" time="1.068" timestamp="2026-07-03T11:51:00.416394+00:00" hostname="agent-env-940b9219-8234-4883-aa26-c48e69d96e51"><testcase classname="tests.test_backend" name="test_config_returns_calendly_and_email" time="0.177" /><testcase classname="tests.test_backend" name="test_create_inquiry_valid_and_persistence" time="0.174" /><testcase classname="tests.test_backend" name="test_invalid_target_exam_returns_422" time="0.092" /><testcase classname="tests.test_backend" name="test_invalid_email_returns_422" time="0.085" /><testcase classname="tests.test_backend" name="test_missing_fields_returns_422" time="0.079" /></testsuite></testsuites>